00:00:00.182357 VirtualBox DHCP Server 6.1.36 r152435 win.amd64 (Jul 19 2022 21:50:58) release log
00:00:00.182359 Log opened 2022-08-25T03:58:56.447640100Z
00:00:00.182360 Build Type: release
00:00:00.182362 OS Product: Windows 10
00:00:00.182363 OS Release: 10.0.17763
00:00:00.182363 OS Service Pack: 
00:00:00.508355 DMI Product Name: Latitude E5470
00:00:00.520293 DMI Product Version: 
00:00:00.520303 Firmware type: UEFI
00:00:00.520743 Secure Boot: VERR_PRIVILEGE_NOT_HELD
00:00:00.520759 Host RAM: 16241MB (15.8GB) total, 14140MB (13.8GB) available
00:00:00.520763 Executable: C:\Program Files\Oracle\VirtualBox\VBoxNetDHCP.exe
00:00:00.520764 Process ID: 4048
00:00:00.520764 Package type: WINDOWS_64BITS_GENERIC
00:00:00.520915 --config:  HostInterfaceNetworking-VirtualBox Host-Only Ethernet Adapter
00:00:00.520926 --comment: HostInterfaceNetworking-VirtualBox Host-Only Ethernet Adapter
00:00:01.164061 IP address:   192.168.56.100/24
00:00:01.164095 Address pool: 192.168.56.101 - 192.168.56.254
00:00:01.164241 MAC address is not specified: will use generated MAC 08:00:27:d4:2d:1c
00:00:01.164287 Db::i_enterFixedAddressAssignment: 08:00:27:d4:2d:1c: 192.168.56.100
00:00:01.164323 loading leases from C:\Users\ad\.VirtualBox\HostInterfaceNetworking-VirtualBox Host-Only Ethernet Adapter-Dhcpd.leases
00:00:01.164519 Runtime error opening 'C:\Users\ad\.VirtualBox\HostInterfaceNetworking-VirtualBox Host-Only Ethernet Adapter-Dhcpd.leases' for reading: -102 (File not found.)
00:00:01.165904 DISCOVER xid 0x40476335 chaddr 0a:00:27:00:00:0c
00:00:01.165930  ciaddr 0.0.0.0 broadcast
00:00:01.165938  client id: 01 0a 00 27 00 00 0c
00:00:01.165943  params { 1 3 }
00:00:01.165970 > allocateAddress to client [01:0a:00:27:00:00:0c] (0a:00:27:00:00:0c)
00:00:01.165979 > .... creating new binding
00:00:01.165983 > .... allocated 192.168.56.101 free
00:00:01.165987 Lease time 600 secs (default)
00:00:01.165994 >>> requested option 1 (SubnetMask)
00:00:01.165997 ... always supplied
00:00:01.166001 >>> requested option 3 (Routers)
00:00:01.166004 ... not found
00:00:01.166010 encoding option 1 (SubnetMask)
00:00:01.166014 encoding option 51 (LeaseTime)
00:00:01.166019 OFFER xid 0x40476335 chaddr 0a:00:27:00:00:0c
00:00:01.166029  ciaddr 0.0.0.0 yiaddr 192.168.56.101 broadcast
00:00:01.166039 encoded message: 548 bytes
00:00:01.166040 00000000017c6fc0/0000: 02 01 06 00 35 63 47 40-00 00 00 00 00 00 00 00 ....5cG@........
00:00:01.166045 00000000017c6fd0/0010: c0 a8 38 65 00 00 00 00-00 00 00 00 0a 00 27 00 ..8e..........'.
00:00:01.166047 00000000017c6fe0/0020: 00 0c 00 00 00 00 00 00-00 00 00 00 00 00 00 00 ................
00:00:01.166049 00000000017c6ff0/0030: 00 00 00 00 00 00 00 00-00 00 00 00 00 00 00 00 ................
00:00:01.166050 00000000017c7000/0040: 00 00 00 00 00 00 00 00-00 00 00 00 00 00 00 00 ................
00:00:01.166052 00000000017c7010/0050: 00 00 00 00 00 00 00 00-00 00 00 00 00 00 00 00 ................
00:00:01.166054 00000000017c7020/0060: 00 00 00 00 00 00 00 00-00 00 00 00 00 00 00 00 ................
00:00:01.166055 00000000017c7030/0070: 00 00 00 00 00 00 00 00-00 00 00 00 00 00 00 00 ................
00:00:01.166057 00000000017c7040/0080: 00 00 00 00 00 00 00 00-00 00 00 00 00 00 00 00 ................
00:00:01.166059 00000000017c7050/0090: 00 00 00 00 00 00 00 00-00 00 00 00 00 00 00 00 ................
00:00:01.166060 00000000017c7060/00a0: 00 00 00 00 00 00 00 00-00 00 00 00 00 00 00 00 ................
00:00:01.166062 00000000017c7070/00b0: 00 00 00 00 00 00 00 00-00 00 00 00 00 00 00 00 ................
00:00:01.166064 00000000017c7080/00c0: 00 00 00 00 00 00 00 00-00 00 00 00 00 00 00 00 ................
00:00:01.166065 00000000017c7090/00d0: 00 00 00 00 00 00 00 00-00 00 00 00 00 00 00 00 ................
00:00:01.166067 00000000017c70a0/00e0: 00 00 00 00 00 00 00 00-00 00 00 00 63 82 53 63 ............c.Sc
00:00:01.166068 00000000017c70b0/00f0: 36 04 c0 a8 38 64 35 01-02 01 04 ff ff ff 00 33 6...8d5........3
00:00:01.166070 00000000017c70c0/0100: 04 00 00 02 58 ff 00 00-00 00 00 00 00 00 00 00 ....X...........
00:00:01.166072 00000000017c70d0/0110: 00 00 00 00 00 00 00 00-00 00 00 00 00 00 00 00 ................
00:00:01.166074 00000000017c70e0/0120: 00 00 00 00 00 00 00 00-00 00 00 00 00 00 00 00 ................
00:00:01.166075 00000000017c70f0/0130: 00 00 00 00 00 00 00 00-00 00 00 00 00 00 00 00 ................
00:00:01.166077 00000000017c7100/0140: 00 00 00 00 00 00 00 00-00 00 00 00 00 00 00 00 ................
00:00:01.166079 00000000017c7110/0150: 00 00 00 00 00 00 00 00-00 00 00 00 00 00 00 00 ................
00:00:01.166080 00000000017c7120/0160: 00 00 00 00 00 00 00 00-00 00 00 00 00 00 00 00 ................
00:00:01.166082 00000000017c7130/0170: 00 00 00 00 00 00 00 00-00 00 00 00 00 00 00 00 ................
00:00:01.166083 00000000017c7140/0180: 00 00 00 00 00 00 00 00-00 00 00 00 00 00 00 00 ................
00:00:01.166085 00000000017c7150/0190: 00 00 00 00 00 00 00 00-00 00 00 00 00 00 00 00 ................
00:00:01.166087 00000000017c7160/01a0: 00 00 00 00 00 00 00 00-00 00 00 00 00 00 00 00 ................
00:00:01.166090 00000000017c7170/01b0: 00 00 00 00 00 00 00 00-00 00 00 00 00 00 00 00 ................
00:00:01.166092 00000000017c7180/01c0: 00 00 00 00 00 00 00 00-00 00 00 00 00 00 00 00 ................
00:00:01.166093 00000000017c7190/01d0: 00 00 00 00 00 00 00 00-00 00 00 00 00 00 00 00 ................
00:00:01.166095 00000000017c71a0/01e0: 00 00 00 00 00 00 00 00-00 00 00 00 00 00 00 00 ................
00:00:01.166097 00000000017c71b0/01f0: 00 00 00 00 00 00 00 00-00 00 00 00 00 00 00 00 ................
00:00:01.166098 00000000017c71c0/0200: 00 00 00 00 00 00 00 00-00 00 00 00 00 00 00 00 ................
00:00:01.166100 00000000017c71d0/0210: 00 00 00 00 00 00 00 00-00 00 00 00 00 00 00 00 ................
00:00:01.166102 00000000017c71e0/0220: 00 00 00 00                                     ....
00:00:02.171461 DISCOVER xid 0x3f04ecf5 chaddr 0a:00:27:00:00:0c
00:00:02.171525  ciaddr 0.0.0.0 broadcast
00:00:02.171538  client id: 01 0a 00 27 00 00 0c
00:00:02.171545  params { 1 3 }
00:00:02.171566 > allocateAddress to client [01:0a:00:27:00:00:0c] (0a:00:27:00:00:0c)
00:00:02.171576 > ... found existing binding 192.168.56.101 to [01:0a:00:27:00:00:0c] (0a:00:27:00:00:0c), offered, valid from 2022-08-25T03:58:57Z for 600s until 2022-08-25T04:08:57Z
00:00:02.171588 Lease time 600 secs (default)
00:00:02.171598 >>> requested option 1 (SubnetMask)
00:00:02.171603 ... always supplied
00:00:02.171608 >>> requested option 3 (Routers)
00:00:02.171613 ... not found
00:00:02.171635 encoding option 1 (SubnetMask)
00:00:02.171640 encoding option 51 (LeaseTime)
00:00:02.171647 OFFER xid 0x3f04ecf5 chaddr 0a:00:27:00:00:0c
00:00:02.171662  ciaddr 0.0.0.0 yiaddr 192.168.56.101 broadcast
00:00:02.171677 encoded message: 548 bytes
00:00:02.171678 00000000017c6fc0/0000: 02 01 06 00 f5 ec 04 3f-00 00 00 00 00 00 00 00 .......?........
00:00:02.171682 00000000017c6fd0/0010: c0 a8 38 65 00 00 00 00-00 00 00 00 0a 00 27 00 ..8e..........'.
00:00:02.171685 00000000017c6fe0/0020: 00 0c 00 00 00 00 00 00-00 00 00 00 00 00 00 00 ................
00:00:02.171689 00000000017c6ff0/0030: 00 00 00 00 00 00 00 00-00 00 00 00 00 00 00 00 ................
00:00:02.171692 00000000017c7000/0040: 00 00 00 00 00 00 00 00-00 00 00 00 00 00 00 00 ................
00:00:02.171695 00000000017c7010/0050: 00 00 00 00 00 00 00 00-00 00 00 00 00 00 00 00 ................
00:00:02.171698 00000000017c7020/0060: 00 00 00 00 00 00 00 00-00 00 00 00 00 00 00 00 ................
00:00:02.171701 00000000017c7030/0070: 00 00 00 00 00 00 00 00-00 00 00 00 00 00 00 00 ................
00:00:02.171704 00000000017c7040/0080: 00 00 00 00 00 00 00 00-00 00 00 00 00 00 00 00 ................
00:00:02.171707 00000000017c7050/0090: 00 00 00 00 00 00 00 00-00 00 00 00 00 00 00 00 ................
00:00:02.171710 00000000017c7060/00a0: 00 00 00 00 00 00 00 00-00 00 00 00 00 00 00 00 ................
00:00:02.171713 00000000017c7070/00b0: 00 00 00 00 00 00 00 00-00 00 00 00 00 00 00 00 ................
00:00:02.171716 00000000017c7080/00c0: 00 00 00 00 00 00 00 00-00 00 00 00 00 00 00 00 ................
00:00:02.171719 00000000017c7090/00d0: 00 00 00 00 00 00 00 00-00 00 00 00 00 00 00 00 ................
00:00:02.171722 00000000017c70a0/00e0: 00 00 00 00 00 00 00 00-00 00 00 00 63 82 53 63 ............c.Sc
00:00:02.171725 00000000017c70b0/00f0: 36 04 c0 a8 38 64 35 01-02 01 04 ff ff ff 00 33 6...8d5........3
00:00:02.171729 00000000017c70c0/0100: 04 00 00 02 58 ff 00 00-00 00 00 00 00 00 00 00 ....X...........
00:00:02.171732 00000000017c70d0/0110: 00 00 00 00 00 00 00 00-00 00 00 00 00 00 00 00 ................
00:00:02.171735 00000000017c70e0/0120: 00 00 00 00 00 00 00 00-00 00 00 00 00 00 00 00 ................
00:00:02.171738 00000000017c70f0/0130: 00 00 00 00 00 00 00 00-00 00 00 00 00 00 00 00 ................
00:00:02.171741 00000000017c7100/0140: 00 00 00 00 00 00 00 00-00 00 00 00 00 00 00 00 ................
00:00:02.171744 00000000017c7110/0150: 00 00 00 00 00 00 00 00-00 00 00 00 00 00 00 00 ................
00:00:02.171747 00000000017c7120/0160: 00 00 00 00 00 00 00 00-00 00 00 00 00 00 00 00 ................
00:00:02.171750 00000000017c7130/0170: 00 00 00 00 00 00 00 00-00 00 00 00 00 00 00 00 ................
00:00:02.171753 00000000017c7140/0180: 00 00 00 00 00 00 00 00-00 00 00 00 00 00 00 00 ................
00:00:02.171757 00000000017c7150/0190: 00 00 00 00 00 00 00 00-00 00 00 00 00 00 00 00 ................
00:00:02.171760 00000000017c7160/01a0: 00 00 00 00 00 00 00 00-00 00 00 00 00 00 00 00 ................
00:00:02.171763 00000000017c7170/01b0: 00 00 00 00 00 00 00 00-00 00 00 00 00 00 00 00 ................
00:00:02.171767 00000000017c7180/01c0: 00 00 00 00 00 00 00 00-00 00 00 00 00 00 00 00 ................
00:00:02.171770 00000000017c7190/01d0: 00 00 00 00 00 00 00 00-00 00 00 00 00 00 00 00 ................
00:00:02.171774 00000000017c71a0/01e0: 00 00 00 00 00 00 00 00-00 00 00 00 00 00 00 00 ................
00:00:02.171777 00000000017c71b0/01f0: 00 00 00 00 00 00 00 00-00 00 00 00 00 00 00 00 ................
00:00:02.171780 00000000017c71c0/0200: 00 00 00 00 00 00 00 00-00 00 00 00 00 00 00 00 ................
00:00:02.171784 00000000017c71d0/0210: 00 00 00 00 00 00 00 00-00 00 00 00 00 00 00 00 ................
00:00:02.171787 00000000017c71e0/0220: 00 00 00 00                                     ....
00:00:03.176985 DISCOVER xid 0x53e59bbb chaddr 0a:00:27:00:00:0c
00:00:03.177030  ciaddr 0.0.0.0 broadcast
00:00:03.177042  client id: 01 0a 00 27 00 00 0c
00:00:03.177049  params { 1 3 }
00:00:03.177070 > allocateAddress to client [01:0a:00:27:00:00:0c] (0a:00:27:00:00:0c)
00:00:03.177079 > ... found existing binding 192.168.56.101 to [01:0a:00:27:00:00:0c] (0a:00:27:00:00:0c), offered, valid from 2022-08-25T03:58:58Z for 600s until 2022-08-25T04:08:58Z
00:00:03.177093 Lease time 600 secs (default)
00:00:03.177102 >>> requested option 1 (SubnetMask)
00:00:03.177108 ... always supplied
00:00:03.177113 >>> requested option 3 (Routers)
00:00:03.177118 ... not found
00:00:03.177127 encoding option 1 (SubnetMask)
00:00:03.177132 encoding option 51 (LeaseTime)
00:00:03.177139 OFFER xid 0x53e59bbb chaddr 0a:00:27:00:00:0c
00:00:03.177155  ciaddr 0.0.0.0 yiaddr 192.168.56.101 broadcast
00:00:03.177170 encoded message: 548 bytes
00:00:03.177172 00000000017c6fc0/0000: 02 01 06 00 bb 9b e5 53-00 00 00 00 00 00 00 00 .......S........
00:00:03.177176 00000000017c6fd0/0010: c0 a8 38 65 00 00 00 00-00 00 00 00 0a 00 27 00 ..8e..........'.
00:00:03.177179 00000000017c6fe0/0020: 00 0c 00 00 00 00 00 00-00 00 00 00 00 00 00 00 ................
00:00:03.177182 00000000017c6ff0/0030: 00 00 00 00 00 00 00 00-00 00 00 00 00 00 00 00 ................
00:00:03.177186 00000000017c7000/0040: 00 00 00 00 00 00 00 00-00 00 00 00 00 00 00 00 ................
00:00:03.177189 00000000017c7010/0050: 00 00 00 00 00 00 00 00-00 00 00 00 00 00 00 00 ................
00:00:03.177192 00000000017c7020/0060: 00 00 00 00 00 00 00 00-00 00 00 00 00 00 00 00 ................
00:00:03.177196 00000000017c7030/0070: 00 00 00 00 00 00 00 00-00 00 00 00 00 00 00 00 ................
00:00:03.177199 00000000017c7040/0080: 00 00 00 00 00 00 00 00-00 00 00 00 00 00 00 00 ................
00:00:03.177202 00000000017c7050/0090: 00 00 00 00 00 00 00 00-00 00 00 00 00 00 00 00 ................
00:00:03.177204 00000000017c7060/00a0: 00 00 00 00 00 00 00 00-00 00 00 00 00 00 00 00 ................
00:00:03.177207 00000000017c7070/00b0: 00 00 00 00 00 00 00 00-00 00 00 00 00 00 00 00 ................
00:00:03.177210 00000000017c7080/00c0: 00 00 00 00 00 00 00 00-00 00 00 00 00 00 00 00 ................
00:00:03.177213 00000000017c7090/00d0: 00 00 00 00 00 00 00 00-00 00 00 00 00 00 00 00 ................
00:00:03.177216 00000000017c70a0/00e0: 00 00 00 00 00 00 00 00-00 00 00 00 63 82 53 63 ............c.Sc
00:00:03.177219 00000000017c70b0/00f0: 36 04 c0 a8 38 64 35 01-02 01 04 ff ff ff 00 33 6...8d5........3
00:00:03.177222 00000000017c70c0/0100: 04 00 00 02 58 ff 00 00-00 00 00 00 00 00 00 00 ....X...........
00:00:03.177225 00000000017c70d0/0110: 00 00 00 00 00 00 00 00-00 00 00 00 00 00 00 00 ................
00:00:03.177228 00000000017c70e0/0120: 00 00 00 00 00 00 00 00-00 00 00 00 00 00 00 00 ................
00:00:03.177231 00000000017c70f0/0130: 00 00 00 00 00 00 00 00-00 00 00 00 00 00 00 00 ................
00:00:03.177233 00000000017c7100/0140: 00 00 00 00 00 00 00 00-00 00 00 00 00 00 00 00 ................
00:00:03.177237 00000000017c7110/0150: 00 00 00 00 00 00 00 00-00 00 00 00 00 00 00 00 ................
00:00:03.177240 00000000017c7120/0160: 00 00 00 00 00 00 00 00-00 00 00 00 00 00 00 00 ................
00:00:03.177243 00000000017c7130/0170: 00 00 00 00 00 00 00 00-00 00 00 00 00 00 00 00 ................
00:00:03.177246 00000000017c7140/0180: 00 00 00 00 00 00 00 00-00 00 00 00 00 00 00 00 ................
00:00:03.177249 00000000017c7150/0190: 00 00 00 00 00 00 00 00-00 00 00 00 00 00 00 00 ................
00:00:03.177252 00000000017c7160/01a0: 00 00 00 00 00 00 00 00-00 00 00 00 00 00 00 00 ................
00:00:03.177256 00000000017c7170/01b0: 00 00 00 00 00 00 00 00-00 00 00 00 00 00 00 00 ................
00:00:03.177260 00000000017c7180/01c0: 00 00 00 00 00 00 00 00-00 00 00 00 00 00 00 00 ................
00:00:03.177263 00000000017c7190/01d0: 00 00 00 00 00 00 00 00-00 00 00 00 00 00 00 00 ................
00:00:03.177266 00000000017c71a0/01e0: 00 00 00 00 00 00 00 00-00 00 00 00 00 00 00 00 ................
00:00:03.177269 00000000017c71b0/01f0: 00 00 00 00 00 00 00 00-00 00 00 00 00 00 00 00 ................
00:00:03.177272 00000000017c71c0/0200: 00 00 00 00 00 00 00 00-00 00 00 00 00 00 00 00 ................
00:00:03.177275 00000000017c71d0/0210: 00 00 00 00 00 00 00 00-00 00 00 00 00 00 00 00 ................
00:00:03.177278 00000000017c71e0/0220: 00 00 00 00                                     ....
00:00:04.181819 DISCOVER xid 0x6c7bbd19 chaddr 0a:00:27:00:00:0c
00:00:04.181870  ciaddr 0.0.0.0 broadcast
00:00:04.181882  client id: 01 0a 00 27 00 00 0c
00:00:04.181889  params { 1 3 }
00:00:04.181910 > allocateAddress to client [01:0a:00:27:00:00:0c] (0a:00:27:00:00:0c)
00:00:04.181921 > ... found existing binding 192.168.56.101 to [01:0a:00:27:00:00:0c] (0a:00:27:00:00:0c), offered, valid from 2022-08-25T03:58:59Z for 600s until 2022-08-25T04:08:59Z
00:00:04.181936 Lease time 600 secs (default)
00:00:04.181947 >>> requested option 1 (SubnetMask)
00:00:04.181953 ... always supplied
00:00:04.181958 >>> requested option 3 (Routers)
00:00:04.181963 ... not found
00:00:04.181974 encoding option 1 (SubnetMask)
00:00:04.181979 encoding option 51 (LeaseTime)
00:00:04.181987 OFFER xid 0x6c7bbd19 chaddr 0a:00:27:00:00:0c
00:00:04.182004  ciaddr 0.0.0.0 yiaddr 192.168.56.101 broadcast
00:00:04.182020 encoded message: 548 bytes
00:00:04.182022 00000000017c6fc0/0000: 02 01 06 00 19 bd 7b 6c-00 00 00 00 00 00 00 00 ......{l........
00:00:04.182026 00000000017c6fd0/0010: c0 a8 38 65 00 00 00 00-00 00 00 00 0a 00 27 00 ..8e..........'.
00:00:04.182029 00000000017c6fe0/0020: 00 0c 00 00 00 00 00 00-00 00 00 00 00 00 00 00 ................
00:00:04.182032 00000000017c6ff0/0030: 00 00 00 00 00 00 00 00-00 00 00 00 00 00 00 00 ................
00:00:04.182035 00000000017c7000/0040: 00 00 00 00 00 00 00 00-00 00 00 00 00 00 00 00 ................
00:00:04.182038 00000000017c7010/0050: 00 00 00 00 00 00 00 00-00 00 00 00 00 00 00 00 ................
00:00:04.182041 00000000017c7020/0060: 00 00 00 00 00 00 00 00-00 00 00 00 00 00 00 00 ................
00:00:04.182044 00000000017c7030/0070: 00 00 00 00 00 00 00 00-00 00 00 00 00 00 00 00 ................
00:00:04.182047 00000000017c7040/0080: 00 00 00 00 00 00 00 00-00 00 00 00 00 00 00 00 ................
00:00:04.182050 00000000017c7050/0090: 00 00 00 00 00 00 00 00-00 00 00 00 00 00 00 00 ................
00:00:04.182053 00000000017c7060/00a0: 00 00 00 00 00 00 00 00-00 00 00 00 00 00 00 00 ................
00:00:04.182056 00000000017c7070/00b0: 00 00 00 00 00 00 00 00-00 00 00 00 00 00 00 00 ................
00:00:04.182059 00000000017c7080/00c0: 00 00 00 00 00 00 00 00-00 00 00 00 00 00 00 00 ................
00:00:04.182062 00000000017c7090/00d0: 00 00 00 00 00 00 00 00-00 00 00 00 00 00 00 00 ................
00:00:04.182066 00000000017c70a0/00e0: 00 00 00 00 00 00 00 00-00 00 00 00 63 82 53 63 ............c.Sc
00:00:04.182069 00000000017c70b0/00f0: 36 04 c0 a8 38 64 35 01-02 01 04 ff ff ff 00 33 6...8d5........3
00:00:04.182072 00000000017c70c0/0100: 04 00 00 02 58 ff 00 00-00 00 00 00 00 00 00 00 ....X...........
00:00:04.182075 00000000017c70d0/0110: 00 00 00 00 00 00 00 00-00 00 00 00 00 00 00 00 ................
00:00:04.182078 00000000017c70e0/0120: 00 00 00 00 00 00 00 00-00 00 00 00 00 00 00 00 ................
00:00:04.182081 00000000017c70f0/0130: 00 00 00 00 00 00 00 00-00 00 00 00 00 00 00 00 ................
00:00:04.182084 00000000017c7100/0140: 00 00 00 00 00 00 00 00-00 00 00 00 00 00 00 00 ................
00:00:04.182087 00000000017c7110/0150: 00 00 00 00 00 00 00 00-00 00 00 00 00 00 00 00 ................
00:00:04.182090 00000000017c7120/0160: 00 00 00 00 00 00 00 00-00 00 00 00 00 00 00 00 ................
00:00:04.182093 00000000017c7130/0170: 00 00 00 00 00 00 00 00-00 00 00 00 00 00 00 00 ................
00:00:04.182096 00000000017c7140/0180: 00 00 00 00 00 00 00 00-00 00 00 00 00 00 00 00 ................
00:00:04.182099 00000000017c7150/0190: 00 00 00 00 00 00 00 00-00 00 00 00 00 00 00 00 ................
00:00:04.182102 00000000017c7160/01a0: 00 00 00 00 00 00 00 00-00 00 00 00 00 00 00 00 ................
00:00:04.182105 00000000017c7170/01b0: 00 00 00 00 00 00 00 00-00 00 00 00 00 00 00 00 ................
00:00:04.182108 00000000017c7180/01c0: 00 00 00 00 00 00 00 00-00 00 00 00 00 00 00 00 ................
00:00:04.182111 00000000017c7190/01d0: 00 00 00 00 00 00 00 00-00 00 00 00 00 00 00 00 ................
00:00:04.182114 00000000017c71a0/01e0: 00 00 00 00 00 00 00 00-00 00 00 00 00 00 00 00 ................
00:00:04.182117 00000000017c71b0/01f0: 00 00 00 00 00 00 00 00-00 00 00 00 00 00 00 00 ................
00:00:04.182120 00000000017c71c0/0200: 00 00 00 00 00 00 00 00-00 00 00 00 00 00 00 00 ................
00:00:04.182122 00000000017c71d0/0210: 00 00 00 00 00 00 00 00-00 00 00 00 00 00 00 00 ................
00:00:04.182125 00000000017c71e0/0220: 00 00 00 00                                     ....
00:00:05.186552 DISCOVER xid 0x1d68886d chaddr 0a:00:27:00:00:0c
00:00:05.186598  ciaddr 0.0.0.0 broadcast
00:00:05.186608  client id: 01 0a 00 27 00 00 0c
00:00:05.186613  params { 1 3 }
00:00:05.186627 > allocateAddress to client [01:0a:00:27:00:00:0c] (0a:00:27:00:00:0c)
00:00:05.186634 > ... found existing binding 192.168.56.101 to [01:0a:00:27:00:00:0c] (0a:00:27:00:00:0c), offered, valid from 2022-08-25T03:59:00Z for 600s until 2022-08-25T04:09:00Z
00:00:05.186644 Lease time 600 secs (default)
00:00:05.186650 >>> requested option 1 (SubnetMask)
00:00:05.186655 ... always supplied
00:00:05.186661 >>> requested option 3 (Routers)
00:00:05.186665 ... not found
00:00:05.186672 encoding option 1 (SubnetMask)
00:00:05.186676 encoding option 51 (LeaseTime)
00:00:05.186681 OFFER xid 0x1d68886d chaddr 0a:00:27:00:00:0c
00:00:05.186691  ciaddr 0.0.0.0 yiaddr 192.168.56.101 broadcast
00:00:05.186701 encoded message: 548 bytes
00:00:05.186702 00000000017c6fc0/0000: 02 01 06 00 6d 88 68 1d-00 00 00 00 00 00 00 00 ....m.h.........
00:00:05.186705 00000000017c6fd0/0010: c0 a8 38 65 00 00 00 00-00 00 00 00 0a 00 27 00 ..8e..........'.
00:00:05.186707 00000000017c6fe0/0020: 00 0c 00 00 00 00 00 00-00 00 00 00 00 00 00 00 ................
00:00:05.186708 00000000017c6ff0/0030: 00 00 00 00 00 00 00 00-00 00 00 00 00 00 00 00 ................
00:00:05.186710 00000000017c7000/0040: 00 00 00 00 00 00 00 00-00 00 00 00 00 00 00 00 ................
00:00:05.186712 00000000017c7010/0050: 00 00 00 00 00 00 00 00-00 00 00 00 00 00 00 00 ................
00:00:05.186713 00000000017c7020/0060: 00 00 00 00 00 00 00 00-00 00 00 00 00 00 00 00 ................
00:00:05.186715 00000000017c7030/0070: 00 00 00 00 00 00 00 00-00 00 00 00 00 00 00 00 ................
00:00:05.186717 00000000017c7040/0080: 00 00 00 00 00 00 00 00-00 00 00 00 00 00 00 00 ................
00:00:05.186718 00000000017c7050/0090: 00 00 00 00 00 00 00 00-00 00 00 00 00 00 00 00 ................
00:00:05.186720 00000000017c7060/00a0: 00 00 00 00 00 00 00 00-00 00 00 00 00 00 00 00 ................
00:00:05.186722 00000000017c7070/00b0: 00 00 00 00 00 00 00 00-00 00 00 00 00 00 00 00 ................
00:00:05.186723 00000000017c7080/00c0: 00 00 00 00 00 00 00 00-00 00 00 00 00 00 00 00 ................
00:00:05.186725 00000000017c7090/00d0: 00 00 00 00 00 00 00 00-00 00 00 00 00 00 00 00 ................
00:00:05.186726 00000000017c70a0/00e0: 00 00 00 00 00 00 00 00-00 00 00 00 63 82 53 63 ............c.Sc
00:00:05.186728 00000000017c70b0/00f0: 36 04 c0 a8 38 64 35 01-02 01 04 ff ff ff 00 33 6...8d5........3
00:00:05.186730 00000000017c70c0/0100: 04 00 00 02 58 ff 00 00-00 00 00 00 00 00 00 00 ....X...........
00:00:05.186732 00000000017c70d0/0110: 00 00 00 00 00 00 00 00-00 00 00 00 00 00 00 00 ................
00:00:05.186733 00000000017c70e0/0120: 00 00 00 00 00 00 00 00-00 00 00 00 00 00 00 00 ................
00:00:05.186735 00000000017c70f0/0130: 00 00 00 00 00 00 00 00-00 00 00 00 00 00 00 00 ................
00:00:05.186737 00000000017c7100/0140: 00 00 00 00 00 00 00 00-00 00 00 00 00 00 00 00 ................
00:00:05.186738 00000000017c7110/0150: 00 00 00 00 00 00 00 00-00 00 00 00 00 00 00 00 ................
00:00:05.186740 00000000017c7120/0160: 00 00 00 00 00 00 00 00-00 00 00 00 00 00 00 00 ................
00:00:05.186742 00000000017c7130/0170: 00 00 00 00 00 00 00 00-00 00 00 00 00 00 00 00 ................
00:00:05.186743 00000000017c7140/0180: 00 00 00 00 00 00 00 00-00 00 00 00 00 00 00 00 ................
00:00:05.186745 00000000017c7150/0190: 00 00 00 00 00 00 00 00-00 00 00 00 00 00 00 00 ................
00:00:05.186746 00000000017c7160/01a0: 00 00 00 00 00 00 00 00-00 00 00 00 00 00 00 00 ................
00:00:05.186748 00000000017c7170/01b0: 00 00 00 00 00 00 00 00-00 00 00 00 00 00 00 00 ................
00:00:05.186750 00000000017c7180/01c0: 00 00 00 00 00 00 00 00-00 00 00 00 00 00 00 00 ................
00:00:05.186751 00000000017c7190/01d0: 00 00 00 00 00 00 00 00-00 00 00 00 00 00 00 00 ................
00:00:05.186753 00000000017c71a0/01e0: 00 00 00 00 00 00 00 00-00 00 00 00 00 00 00 00 ................
00:00:05.186755 00000000017c71b0/01f0: 00 00 00 00 00 00 00 00-00 00 00 00 00 00 00 00 ................
00:00:05.186756 00000000017c71c0/0200: 00 00 00 00 00 00 00 00-00 00 00 00 00 00 00 00 ................
00:00:05.186758 00000000017c71d0/0210: 00 00 00 00 00 00 00 00-00 00 00 00 00 00 00 00 ................
00:00:05.186759 00000000017c71e0/0220: 00 00 00 00                                     ....
